<?xml version="1.0" encoding="UTF-8"?>
<!-- Generated by org.testng.reporters.JUnitReportReporter -->
<testsuite hostname="DESKTOP-MQ9KKGC" failures="0" tests="1" name="SampleTest" time="0.012" errors="0" timestamp="2022-05-30T15:09:43 IST" skipped="0">
  <testcase classname="SampleTest" name="testName" time="0.012"/>
  <system-out>
    <![CDATA[Heyyy
Heyy-Heyyy
Heyyy-Heyyy-Heyyy]]>
  </system-out>
</testsuite> <!-- SampleTest -->
